<?xml version="1.0" encoding="UTF-8"?>
<testsuite name="com.cg.PmsApplicationTests" tests="1" skipped="0" failures="0" errors="0" timestamp="2022-05-10T20:17:46" hostname="RACHIT" time="1.493">
  <properties/>
  <testcase name="contextLoads()" classname="com.cg.PmsApplicationTests" time="1.493"/>
  <system-out><![CDATA[01:47:22.733 [Test worker] DEBUG org.springframework.test.context.BootstrapUtils - Instantiating CacheAwareContextLoaderDelegate from class [org.springframework.test.context.cache.DefaultCacheAwareContextLoaderDelegate]
01:47:22.759 [Test worker] DEBUG org.springframework.test.context.BootstrapUtils - Instantiating BootstrapContext using constructor [public org.springframework.test.context.support.DefaultBootstrapContext(java.lang.Class,org.springframework.test.context.CacheAwareContextLoaderDelegate)]
01:47:22.862 [Test worker] DEBUG org.springframework.test.context.BootstrapUtils - Instantiating TestContextBootstrapper for test class [com.cg.PmsApplicationTests] from class [org.springframework.boot.test.context.SpringBootTestContextBootstrapper]
01:47:22.892 [Test worker] INFO org.springframework.boot.test.context.SpringBootTestContextBootstrapper - Neither @ContextConfiguration nor @ContextHierarchy found for test class [com.cg.PmsApplicationTests], using SpringBootContextLoader
01:47:22.905 [Test worker] DEBUG org.springframework.test.context.support.AbstractContextLoader - Did not detect default resource location for test class [com.cg.PmsApplicationTests]: class path resource [com/cg/PmsApplicationTests-context.xml] does not exist
01:47:22.906 [Test worker] DEBUG org.springframework.test.context.support.AbstractContextLoader - Did not detect default resource location for test class [com.cg.PmsApplicationTests]: class path resource [com/cg/PmsApplicationTestsContext.groovy] does not exist
01:47:22.906 [Test worker] INFO org.springframework.test.context.support.AbstractContextLoader - Could not detect default resource locations for test class [com.cg.PmsApplicationTests]: no resource found for suffixes {-context.xml, Context.groovy}.
01:47:22.907 [Test worker] INFO org.springframework.test.context.support.AnnotationConfigContextLoaderUtils - Could not detect default configuration classes for test class [com.cg.PmsApplicationTests]: PmsApplicationTests does not declare any static, non-private, non-final, nested classes annotated with @Configuration.
01:47:23.026 [Test worker] DEBUG org.springframework.test.context.support.ActiveProfilesUtils - Could not find an 'annotation declaring class' for annotation type [org.springframework.test.context.ActiveProfiles] and class [com.cg.PmsApplicationTests]
01:47:23.214 [Test worker] DEBUG org.springframework.context.annotation.ClassPathScanningCandidateComponentProvider - Identified candidate component class: file [C:\Users\Unnati\Documents\workspace-spring-tool-suite-4-4.14.0.RELEASE\PMS\build\classes\java\main\com\cg\PmsApplication.class]
01:47:23.216 [Test worker] INFO org.springframework.boot.test.context.SpringBootTestContextBootstrapper - Found @SpringBootConfiguration com.cg.PmsApplication for test class com.cg.PmsApplicationTests
01:47:23.436 [Test worker] DEBUG org.springframework.boot.test.context.SpringBootTestContextBootstrapper - @TestExecutionListeners is not present for class [com.cg.PmsApplicationTests]: using defaults.
01:47:23.437 [Test worker] INFO org.springframework.boot.test.context.SpringBootTestContextBootstrapper - Loaded default TestExecutionListener class names from location [META-INF/spring.factories]: [org.springframework.boot.test.autoconfigure.restdocs.RestDocsTestExecutionListener, org.springframework.boot.test.autoconfigure.web.client.MockRestServiceServerResetTestExecutionListener, org.springframework.boot.test.autoconfigure.web.servlet.MockMvcPrintOnlyOnFailureTestExecutionListener, org.springframework.boot.test.autoconfigure.web.servlet.WebDriverTestExecutionListener, org.springframework.boot.test.autoconfigure.webservices.client.MockWebServiceServerTestExecutionListener, org.springframework.boot.test.mock.mockito.MockitoTestExecutionListener, org.springframework.boot.test.mock.mockito.ResetMocksTestExecutionListener, org.springframework.test.context.web.ServletTestExecutionListener, org.springframework.test.context.support.DirtiesContextBeforeModesTestExecutionListener, org.springframework.test.context.event.ApplicationEventsTestExecutionListener, org.springframework.test.context.support.DependencyInjectionTestExecutionListener, org.springframework.test.context.support.DirtiesContextTestExecutionListener, org.springframework.test.context.transaction.TransactionalTestExecutionListener, org.springframework.test.context.jdbc.SqlScriptsTestExecutionListener, org.springframework.test.context.event.EventPublishingTestExecutionListener]
01:47:23.471 [Test worker] INFO org.springframework.boot.test.context.SpringBootTestContextBootstrapper - Using TestExecutionListeners: [org.springframework.test.context.web.ServletTestExecutionListener@3fc08eec, org.springframework.test.context.support.DirtiesContextBeforeModesTestExecutionListener@5cad8b7d, org.springframework.test.context.event.ApplicationEventsTestExecutionListener@7b02e036, org.springframework.boot.test.mock.mockito.MockitoTestExecutionListener@25243bc1, org.springframework.boot.test.autoconfigure.SpringBootDependencyInjectionTestExecutionListener@1e287667, org.springframework.test.context.support.DirtiesContextTestExecutionListener@2e6ee0bc, org.springframework.test.context.transaction.TransactionalTestExecutionListener@4201a617, org.springframework.test.context.jdbc.SqlScriptsTestExecutionListener@467f77a5, org.springframework.test.context.event.EventPublishingTestExecutionListener@1bb9aa43, org.springframework.boot.test.autoconfigure.restdocs.RestDocsTestExecutionListener@420bc288, org.springframework.boot.test.autoconfigure.web.client.MockRestServiceServerResetTestExecutionListener@df5f5c0, org.springframework.boot.test.autoconfigure.web.servlet.MockMvcPrintOnlyOnFailureTestExecutionListener@308a6984, org.springframework.boot.test.autoconfigure.web.servlet.WebDriverTestExecutionListener@66b72664, org.springframework.boot.test.autoconfigure.webservices.client.MockWebServiceServerTestExecutionListener@7a34b7b8, org.springframework.boot.test.mock.mockito.ResetMocksTestExecutionListener@58cd06cb]
01:47:23.478 [Test worker] DEBUG org.springframework.test.context.support.AbstractDirtiesContextTestExecutionListener - Before test class: context [DefaultTestContext@79ab3a71 testClass = PmsApplicationTests, testInstance = [null], testMethod = [null], testException = [null], mergedContextConfiguration = [WebMergedContextConfiguration@6e5bfdfc testClass = PmsApplicationTests, locations = '{}', classes = '{class com.cg.PmsApplication}', contextInitializerClasses = '[]', activeProfiles = '{}', propertySourceLocations = '{}', propertySourceProperties = '{org.springframework.boot.test.context.SpringBootTestContextBootstrapper=true}', contextCustomizers = set[org.springframework.boot.test.autoconfigure.actuate.metrics.MetricsExportContextCustomizerFactory$DisableMetricExportContextCustomizer@47db5fa5, org.springframework.boot.test.autoconfigure.properties.PropertyMappingContextCustomizer@0, org.springframework.boot.test.autoconfigure.web.servlet.WebDriverContextCustomizerFactory$Customizer@66ce957f, org.springframework.boot.test.context.filter.ExcludeFilterContextCustomizer@efde75f, org.springframework.boot.test.json.DuplicateJsonObjectContextCustomizerFactory$DuplicateJsonObjectContextCustomizer@2b95e48b, org.springframework.boot.test.mock.mockito.MockitoContextCustomizer@0, org.springframework.boot.test.web.client.TestRestTemplateContextCustomizer@7be58f16, org.springframework.boot.test.context.SpringBootTestArgs@1, org.springframework.boot.test.context.SpringBootTestWebEnvironment@748741cb], resourceBasePath = 'src/main/webapp', contextLoader = 'org.springframework.boot.test.context.SpringBootContextLoader', parent = [null]], attributes = map['org.springframework.test.context.web.ServletTestExecutionListener.activateListener' -> true]], class annotated with @DirtiesContext [false] with mode [null].

  .   ____          _            __ _ _
 /\\ / ___'_ __ _ _(_)_ __  __ _ \ \ \ \
( ( )\___ | '_ | '_| | '_ \/ _` | \ \ \ \
 \\/  ___)| |_)| | | | | || (_| |  ) ) ) )
  '  |____| .__|_| |_|_| |_\__, | / / / /
 =========|_|==============|___/=/_/_/_/
 :: Spring Boot ::                (v2.6.6)

2022-05-11 01:47:24.510  INFO 23724 --- [    Test worker] com.cg.PmsApplicationTests               : Starting PmsApplicationTests using Java 17.0.2 on Rachit with PID 23724 (started by UnnathiLAdhe in C:\Users\Unnati\Documents\workspace-spring-tool-suite-4-4.14.0.RELEASE\PMS)
2022-05-11 01:47:24.513  INFO 23724 --- [    Test worker] com.cg.PmsApplicationTests               : No active profile set, falling back to 1 default profile: "default"
2022-05-11 01:47:29.171  INFO 23724 --- [    Test worker] .s.d.r.c.RepositoryConfigurationDelegate : Bootstrapping Spring Data JPA repositories in DEFAULT mode.
2022-05-11 01:47:30.206  INFO 23724 --- [    Test worker] .s.d.r.c.RepositoryConfigurationDelegate : Finished Spring Data repository scanning in 1014 ms. Found 9 JPA repository interfaces.
2022-05-11 01:47:31.705  INFO 23724 --- [    Test worker] o.hibernate.jpa.internal.util.LogHelper  : HHH000204: Processing PersistenceUnitInfo [name: default]
2022-05-11 01:47:31.859  INFO 23724 --- [    Test worker] org.hibernate.Version                    : HHH000412: Hibernate ORM core version 5.6.7.Final
2022-05-11 01:47:32.324  INFO 23724 --- [    Test worker] o.hibernate.annotations.common.Version   : HCANN000001: Hibernate Commons Annotations {5.1.2.Final}
2022-05-11 01:47:32.653  INFO 23724 --- [    Test worker] com.zaxxer.hikari.HikariDataSource       : HikariPool-1 - Starting...
2022-05-11 01:47:35.481  INFO 23724 --- [    Test worker] com.zaxxer.hikari.HikariDataSource       : HikariPool-1 - Start completed.
2022-05-11 01:47:35.571  INFO 23724 --- [    Test worker] org.hibernate.dialect.Dialect            : HHH000400: Using dialect: org.hibernate.dialect.PostgreSQL10Dialect
2022-05-11 01:47:36.938  WARN 23724 --- [    Test worker] org.hibernate.cfg.AnnotationBinder       : HHH000457: Joined inheritance hierarchy [com.cg.entities.Person] defined explicit @DiscriminatorColumn.  Legacy Hibernate behavior was to ignore the @DiscriminatorColumn.  However, as part of issue HHH-6911 we now apply the explicit @DiscriminatorColumn.  If you would prefer the legacy behavior, enable the `hibernate.discriminator.ignore_explicit_for_joined` setting (hibernate.discriminator.ignore_explicit_for_joined=true)
2022-05-11 01:47:39.948  INFO 23724 --- [    Test worker] o.h.e.t.j.p.i.JtaPlatformInitiator       : HHH000490: Using JtaPlatform implementation: [org.hibernate.engine.transaction.jta.platform.internal.NoJtaPlatform]
2022-05-11 01:47:39.964  INFO 23724 --- [    Test worker] j.LocalContainerEntityManagerFactoryBean : Initialized JPA EntityManagerFactory for persistence unit 'default'
2022-05-11 01:47:41.784  WARN 23724 --- [    Test worker] JpaBaseConfiguration$JpaWebConfiguration : spring.jpa.open-in-view is enabled by default. Therefore, database queries may be performed during view rendering. Explicitly configure spring.jpa.open-in-view to disable this warning
2022-05-11 01:47:46.002  INFO 23724 --- [    Test worker] o.s.s.web.DefaultSecurityFilterChain     : Will not secure any request
2022-05-11 01:47:46.169  INFO 23724 --- [    Test worker] com.cg.PmsApplicationTests               : Started PmsApplicationTests in 22.61 seconds (JVM running for 26.147)
]]></system-out>
  <system-err><![CDATA[]]></system-err>
</testsuite>
