<?xml version="1.0" encoding="UTF-8"?>
<testsuite name="com.cg.TestRepositories" tests="10" skipped="0" failures="0" errors="0" timestamp="2022-05-10T20:17:54" hostname="RACHIT" time="0.269">
  <properties/>
  <testcase name="testDeleteManager()" classname="com.cg.TestRepositories" time="0.113"/>
  <testcase name="testFindAllOwner()" classname="com.cg.TestRepositories" time="0.026"/>
  <testcase name="addStaff()" classname="com.cg.TestRepositories" time="0.011"/>
  <testcase name="testGetAllBuyer()" classname="com.cg.TestRepositories" time="0.007"/>
  <testcase name="testGetAllStaff()" classname="com.cg.TestRepositories" time="0.01"/>
  <testcase name="testGetAllManager()" classname="com.cg.TestRepositories" time="0.008"/>
  <testcase name="testSaveOwner()" classname="com.cg.TestRepositories" time="0.013"/>
  <testcase name="testBuyerExistsOrNot()" classname="com.cg.TestRepositories" time="0.008"/>
  <testcase name="testGetAllTenants()" classname="com.cg.TestRepositories" time="0.008"/>
  <testcase name="testFindByNameOwner()" classname="com.cg.TestRepositories" time="0.008"/>
  <system-out><![CDATA[2022-05-11 01:47:47.734  INFO 23724 --- [    Test worker] .b.t.c.SpringBootTestContextBootstrapper : Neither @ContextConfiguration nor @ContextHierarchy found for test class [com.cg.TestRepositories], using SpringBootContextLoader
2022-05-11 01:47:47.736  INFO 23724 --- [    Test worker] o.s.t.c.support.AbstractContextLoader    : Could not detect default resource locations for test class [com.cg.TestRepositories]: no resource found for suffixes {-context.xml, Context.groovy}.
2022-05-11 01:47:47.737  INFO 23724 --- [    Test worker] t.c.s.AnnotationConfigContextLoaderUtils : Could not detect default configuration classes for test class [com.cg.TestRepositories]: TestRepositories does not declare any static, non-private, non-final, nested classes annotated with @Configuration.
2022-05-11 01:47:47.742  INFO 23724 --- [    Test worker] .b.t.c.SpringBootTestContextBootstrapper : Found @SpringBootConfiguration com.cg.PmsApplication for test class com.cg.TestRepositories
2022-05-11 01:47:47.750  INFO 23724 --- [    Test worker] .b.t.c.SpringBootTestContextBootstrapper : Loaded default TestExecutionListener class names from location [META-INF/spring.factories]: [org.springframework.boot.test.autoconfigure.restdocs.RestDocsTestExecutionListener, org.springframework.boot.test.autoconfigure.web.client.MockRestServiceServerResetTestExecutionListener, org.springframework.boot.test.autoconfigure.web.servlet.MockMvcPrintOnlyOnFailureTestExecutionListener, org.springframework.boot.test.autoconfigure.web.servlet.WebDriverTestExecutionListener, org.springframework.boot.test.autoconfigure.webservices.client.MockWebServiceServerTestExecutionListener, org.springframework.boot.test.mock.mockito.MockitoTestExecutionListener, org.springframework.boot.test.mock.mockito.ResetMocksTestExecutionListener, org.springframework.test.context.web.ServletTestExecutionListener, org.springframework.test.context.support.DirtiesContextBeforeModesTestExecutionListener, org.springframework.test.context.event.ApplicationEventsTestExecutionListener, org.springframework.test.context.support.DependencyInjectionTestExecutionListener, org.springframework.test.context.support.DirtiesContextTestExecutionListener, org.springframework.test.context.transaction.TransactionalTestExecutionListener, org.springframework.test.context.jdbc.SqlScriptsTestExecutionListener, org.springframework.test.context.event.EventPublishingTestExecutionListener]
2022-05-11 01:47:47.751  INFO 23724 --- [    Test worker] .b.t.c.SpringBootTestContextBootstrapper : Using TestExecutionListeners: [org.springframework.test.context.web.ServletTestExecutionListener@61799152, org.springframework.test.context.support.DirtiesContextBeforeModesTestExecutionListener@5c39da9e, org.springframework.test.context.event.ApplicationEventsTestExecutionListener@e38b953, org.springframework.boot.test.mock.mockito.MockitoTestExecutionListener@4a648b35, org.springframework.boot.test.autoconfigure.SpringBootDependencyInjectionTestExecutionListener@673a702a, org.springframework.test.context.support.DirtiesContextTestExecutionListener@75c5ab79, org.springframework.test.context.transaction.TransactionalTestExecutionListener@3e7c66b3, org.springframework.test.context.jdbc.SqlScriptsTestExecutionListener@502f6f6a, org.springframework.test.context.event.EventPublishingTestExecutionListener@64a0ee65, org.springframework.boot.test.autoconfigure.restdocs.RestDocsTestExecutionListener@3ce60feb, org.springframework.boot.test.autoconfigure.web.client.MockRestServiceServerResetTestExecutionListener@61f2bf3a, org.springframework.boot.test.autoconfigure.web.servlet.MockMvcPrintOnlyOnFailureTestExecutionListener@4a0dd851, org.springframework.boot.test.autoconfigure.web.servlet.WebDriverTestExecutionListener@293dd4b3, org.springframework.boot.test.autoconfigure.webservices.client.MockWebServiceServerTestExecutionListener@25a81f28, org.springframework.boot.test.mock.mockito.ResetMocksTestExecutionListener@51577fc8]

  .   ____          _            __ _ _
 /\\ / ___'_ __ _ _(_)_ __  __ _ \ \ \ \
( ( )\___ | '_ | '_| | '_ \/ _` | \ \ \ \
 \\/  ___)| |_)| | | | | || (_| |  ) ) ) )
  '  |____| .__|_| |_|_| |_\__, | / / / /
 =========|_|==============|___/=/_/_/_/
 :: Spring Boot ::                (v2.6.6)

2022-05-11 01:47:47.812  INFO 23724 --- [    Test worker] com.cg.TestRepositories                  : Starting TestRepositories using Java 17.0.2 on Rachit with PID 23724 (started by UnnathiLAdhe in C:\Users\Unnati\Documents\workspace-spring-tool-suite-4-4.14.0.RELEASE\PMS)
2022-05-11 01:47:47.813  INFO 23724 --- [    Test worker] com.cg.TestRepositories                  : No active profile set, falling back to 1 default profile: "default"
2022-05-11 01:47:48.886  INFO 23724 --- [    Test worker] .s.d.r.c.RepositoryConfigurationDelegate : Bootstrapping Spring Data JPA repositories in DEFAULT mode.
2022-05-11 01:47:48.952  INFO 23724 --- [    Test worker] .s.d.r.c.RepositoryConfigurationDelegate : Finished Spring Data repository scanning in 63 ms. Found 9 JPA repository interfaces.
2022-05-11 01:47:49.678  INFO 23724 --- [    Test worker] o.hibernate.jpa.internal.util.LogHelper  : HHH000204: Processing PersistenceUnitInfo [name: default]
2022-05-11 01:47:49.696  INFO 23724 --- [    Test worker] com.zaxxer.hikari.HikariDataSource       : HikariPool-2 - Starting...
2022-05-11 01:47:49.776  INFO 23724 --- [    Test worker] com.zaxxer.hikari.HikariDataSource       : HikariPool-2 - Start completed.
2022-05-11 01:47:49.777  INFO 23724 --- [    Test worker] org.hibernate.dialect.Dialect            : HHH000400: Using dialect: org.hibernate.dialect.PostgreSQL10Dialect
2022-05-11 01:47:49.785  WARN 23724 --- [    Test worker] org.hibernate.cfg.AnnotationBinder       : HHH000457: Joined inheritance hierarchy [com.cg.entities.Person] defined explicit @DiscriminatorColumn.  Legacy Hibernate behavior was to ignore the @DiscriminatorColumn.  However, as part of issue HHH-6911 we now apply the explicit @DiscriminatorColumn.  If you would prefer the legacy behavior, enable the `hibernate.discriminator.ignore_explicit_for_joined` setting (hibernate.discriminator.ignore_explicit_for_joined=true)
2022-05-11 01:47:50.646  INFO 23724 --- [    Test worker] o.h.e.t.j.p.i.JtaPlatformInitiator       : HHH000490: Using JtaPlatform implementation: [org.hibernate.engine.transaction.jta.platform.internal.NoJtaPlatform]
2022-05-11 01:47:50.648  INFO 23724 --- [    Test worker] j.LocalContainerEntityManagerFactoryBean : Initialized JPA EntityManagerFactory for persistence unit 'default'
2022-05-11 01:47:51.529  WARN 23724 --- [    Test worker] JpaBaseConfiguration$JpaWebConfiguration : spring.jpa.open-in-view is enabled by default. Therefore, database queries may be performed during view rendering. Explicitly configure spring.jpa.open-in-view to disable this warning
2022-05-11 01:47:53.936  INFO 23724 --- [    Test worker] o.s.s.web.DefaultSecurityFilterChain     : Will not secure any request
2022-05-11 01:47:54.056  INFO 23724 --- [    Test worker] com.cg.TestRepositories                  : Started TestRepositories in 6.301 seconds (JVM running for 34.035)
]]></system-out>
  <system-err><![CDATA[]]></system-err>
</testsuite>
