<?xml version="1.0" encoding="UTF-8"?>
<testsuite name="com.cg.TestTransactions" tests="1" skipped="0" failures="0" errors="0" timestamp="2022-05-10T20:17:54" hostname="RACHIT" time="0.034">
  <properties/>
  <testcase name="testBuyProperty()" classname="com.cg.TestTransactions" time="0.034"/>
  <system-out><![CDATA[2022-05-11 01:47:54.601  INFO 23724 --- [    Test worker] .b.t.c.SpringBootTestContextBootstrapper : Neither @ContextConfiguration nor @ContextHierarchy found for test class [com.cg.TestTransactions], using SpringBootContextLoader
2022-05-11 01:47:54.604  INFO 23724 --- [    Test worker] o.s.t.c.support.AbstractContextLoader    : Could not detect default resource locations for test class [com.cg.TestTransactions]: no resource found for suffixes {-context.xml, Context.groovy}.
2022-05-11 01:47:54.607  INFO 23724 --- [    Test worker] t.c.s.AnnotationConfigContextLoaderUtils : Could not detect default configuration classes for test class [com.cg.TestTransactions]: TestTransactions does not declare any static, non-private, non-final, nested classes annotated with @Configuration.
2022-05-11 01:47:54.609  INFO 23724 --- [    Test worker] .b.t.c.SpringBootTestContextBootstrapper : Found @SpringBootConfiguration com.cg.PmsApplication for test class com.cg.TestTransactions
2022-05-11 01:47:54.613  INFO 23724 --- [    Test worker] .b.t.c.SpringBootTestContextBootstrapper : Loaded default TestExecutionListener class names from location [META-INF/spring.factories]: [org.springframework.boot.test.autoconfigure.restdocs.RestDocsTestExecutionListener, org.springframework.boot.test.autoconfigure.web.client.MockRestServiceServerResetTestExecutionListener, org.springframework.boot.test.autoconfigure.web.servlet.MockMvcPrintOnlyOnFailureTestExecutionListener, org.springframework.boot.test.autoconfigure.web.servlet.WebDriverTestExecutionListener, org.springframework.boot.test.autoconfigure.webservices.client.MockWebServiceServerTestExecutionListener, org.springframework.boot.test.mock.mockito.MockitoTestExecutionListener, org.springframework.boot.test.mock.mockito.ResetMocksTestExecutionListener, org.springframework.test.context.web.ServletTestExecutionListener, org.springframework.test.context.support.DirtiesContextBeforeModesTestExecutionListener, org.springframework.test.context.event.ApplicationEventsTestExecutionListener, org.springframework.test.context.support.DependencyInjectionTestExecutionListener, org.springframework.test.context.support.DirtiesContextTestExecutionListener, org.springframework.test.context.transaction.TransactionalTestExecutionListener, org.springframework.test.context.jdbc.SqlScriptsTestExecutionListener, org.springframework.test.context.event.EventPublishingTestExecutionListener]
2022-05-11 01:47:54.614  INFO 23724 --- [    Test worker] .b.t.c.SpringBootTestContextBootstrapper : Using TestExecutionListeners: [org.springframework.test.context.web.ServletTestExecutionListener@1766b7, org.springframework.test.context.support.DirtiesContextBeforeModesTestExecutionListener@56f3f9da, org.springframework.test.context.event.ApplicationEventsTestExecutionListener@56587330, org.springframework.boot.test.mock.mockito.MockitoTestExecutionListener@227cba85, org.springframework.boot.test.autoconfigure.SpringBootDependencyInjectionTestExecutionListener@19e552a3, org.springframework.test.context.support.DirtiesContextTestExecutionListener@5091456c, org.springframework.test.context.transaction.TransactionalTestExecutionListener@45c57dbd, org.springframework.test.context.jdbc.SqlScriptsTestExecutionListener@22a5f12, org.springframework.test.context.event.EventPublishingTestExecutionListener@316975be, org.springframework.boot.test.autoconfigure.restdocs.RestDocsTestExecutionListener@6b09fcda, org.springframework.boot.test.autoconfigure.web.client.MockRestServiceServerResetTestExecutionListener@5cf4c93, org.springframework.boot.test.autoconfigure.web.servlet.MockMvcPrintOnlyOnFailureTestExecutionListener@55cd41f7, org.springframework.boot.test.autoconfigure.web.servlet.WebDriverTestExecutionListener@2ff30a75, org.springframework.boot.test.autoconfigure.webservices.client.MockWebServiceServerTestExecutionListener@b38dc7d, org.springframework.boot.test.mock.mockito.ResetMocksTestExecutionListener@746cb25d]
Property [propertyId=1, type=null, socialInfrastructure=null, constructionQuality=null, propertyName=property1, address=null, sellOrRent=null, price=0.0, sizeOfApartment=0, owner=null]
]]></system-out>
  <system-err><![CDATA[]]></system-err>
</testsuite>
